  Skeleton.cpp
C:\Users\bugap\Documents\Grafika\GrafikaHaziCsomag\Programs\Skeleton\Skeleton\framework.h(165,17): warning C4996: 'fopen': This function or variable may be unsafe. Consider using fopen_s instead. To disable deprecation, use _CRT_SECURE_NO_WARNINGS. See online help for details.
  (compiling source file 'Skeleton.cpp')
  
C:\Users\bugap\Documents\Grafika\GrafikaHaziCsomag\Programs\Skeleton\Skeleton\Skeleton.cpp(154,29): warning C4244: 'return': conversion from 'double' to 'float', possible loss of data
C:\Users\bugap\Documents\Grafika\GrafikaHaziCsomag\Programs\Skeleton\Skeleton\Skeleton.cpp(161,21): warning C4018: '<': signed/unsigned mismatch
C:\Users\bugap\Documents\Grafika\GrafikaHaziCsomag\Programs\Skeleton\Skeleton\Skeleton.cpp(180,35): warning C4244: 'argument': conversion from 'double' to 'float', possible loss of data
C:\Users\bugap\Documents\Grafika\GrafikaHaziCsomag\Programs\Skeleton\Skeleton\Skeleton.cpp(181,31): warning C4244: 'argument': conversion from 'double' to 'float', possible loss of data
C:\Users\bugap\Documents\Grafika\GrafikaHaziCsomag\Programs\Skeleton\Skeleton\Skeleton.cpp(181,66): warning C4244: 'argument': conversion from 'double' to 'float', possible loss of data
C:\Users\bugap\Documents\Grafika\GrafikaHaziCsomag\Programs\Skeleton\Skeleton\Skeleton.cpp(183,16): warning C4244: 'argument': conversion from 'double' to 'float', possible loss of data
C:\Users\bugap\Documents\Grafika\GrafikaHaziCsomag\Programs\Skeleton\Skeleton\Skeleton.cpp(183,44): warning C4244: 'argument': conversion from 'double' to 'float', possible loss of data
C:\Users\bugap\Documents\Grafika\GrafikaHaziCsomag\Programs\Skeleton\Skeleton\Skeleton.cpp(187,21): warning C4018: '<': signed/unsigned mismatch
C:\Users\bugap\Documents\Grafika\GrafikaHaziCsomag\Programs\Skeleton\Skeleton\Skeleton.cpp(202,21): warning C4018: '<': signed/unsigned mismatch
C:\Users\bugap\Documents\Grafika\GrafikaHaziCsomag\Programs\Skeleton\Skeleton\Skeleton.cpp(209,12): warning C4244: 'initializing': conversion from 'unsigned int' to 'float', possible loss of data
C:\Users\bugap\Documents\Grafika\GrafikaHaziCsomag\Programs\Skeleton\Skeleton\Skeleton.cpp(214,21): warning C4018: '<': signed/unsigned mismatch
C:\Users\bugap\Documents\Grafika\GrafikaHaziCsomag\Programs\Skeleton\Skeleton\Skeleton.cpp(262,26): warning C4305: 'argument': truncation from 'double' to 'float'
  Generating code
  13 of 208 functions ( 6.2%) were compiled, the rest were copied from previous compilation.
    10 functions were new in current compilation
    9 functions had inline decision re-evaluated but remain unchanged
  Finished generating code
  Skeleton.vcxproj -> C:\Users\bugap\Documents\Grafika\GrafikaHaziCsomag\Programs\Skeleton\bin\Skeleton.exe
